<?xml version="1.0" encoding="UTF-8"?>
<testsuite xmlns:xsi="http://www.w3.org/2001/XMLSchema-instance" xsi:noNamespaceSchemaLocation="https://maven.apache.org/surefire/maven-surefire-plugin/xsd/surefire-test-report.xsd" version="3.0.2" name="cpsc326.ASTParserTests" time="0.058" tests="62" errors="0" skipped="0" failures="0">
  <properties>
[...]
</properties>
  <testcase name="emptyFunctionOneBaseTypeParam" classname="cpsc326.ASTParserTests" time="0.009"/>
  <testcase name="simpleNewStructExpression" classname="cpsc326.ASTParserTests" time="0.001"/>
  <testcase name="twoEmptyFunctions" classname="cpsc326.ASTParserTests" time="0.001"/>
  <testcase name="parenExpressionFollowedByExpression" classname="cpsc326.ASTParserTests" time="0.001"/>
  <testcase name="simpleNotExpression" classname="cpsc326.ASTParserTests" time="0.001"/>
  <testcase name="structWithOneArrayField" classname="cpsc326.ASTParserTests" time="0.001"/>
  <testcase name="twoVariablePathExpressionWithoutArrayAccess" classname="cpsc326.ASTParserTests" time="0.001"/>
  <testcase name="emptyFunction" classname="cpsc326.ASTParserTests" time="0.0"/>
  <testcase name="emptyFunctionThreeParams" classname="cpsc326.ASTParserTests" time="0.001"/>
  <testcase name="simplePathAssignment" classname="cpsc326.ASTParserTests" time="0.001"/>
  <testcase name="emptyFunctionArrayReturn" classname="cpsc326.ASTParserTests" time="0.001"/>
  <testcase name="fullIfStatement" classname="cpsc326.ASTParserTests" time="0.001"/>
  <testcase name="singleIfStatement" classname="cpsc326.ASTParserTests" time="0.001"/>
  <testcase name="complexNestedStructureWithMixedOperations" classname="cpsc326.ASTParserTests" time="0.001"/>
  <testcase name="nestedIfElseWithinWhile" classname="cpsc326.ASTParserTests" time="0.001"/>
  <testcase name="emptyFunctionOneBaseTypeArrayParam" classname="cpsc326.ASTParserTests" time="0.001"/>
  <testcase name="structWithTwoBaseTypeFields" classname="cpsc326.ASTParserTests" time="0.0"/>
  <testcase name="idVariableDeclaration" classname="cpsc326.ASTParserTests" time="0.0"/>
  <testcase name="emptyInput" classname="cpsc326.ASTParserTests" time="0.001"/>
  <testcase name="singleIfStatementWithNonEmptyElse" classname="cpsc326.ASTParserTests" time="0.001"/>
  <testcase name="emptyWhileStatement" classname="cpsc326.ASTParserTests" time="0.0"/>
  <testcase name="nestedFunctionCallExpressions" classname="cpsc326.ASTParserTests" time="0.001"/>
  <testcase name="whileWithBodyStatement" classname="cpsc326.ASTParserTests" time="0.001"/>
  <testcase name="baseTypeArrayVariableDefinitionWithTypeAnnotation" classname="cpsc326.ASTParserTests" time="0.0"/>
  <testcase name="mixOfEmptyStructsAndFunctions" classname="cpsc326.ASTParserTests" time="0.001"/>
  <testcase name="emptyFunctionOneIdParam" classname="cpsc326.ASTParserTests" time="0.0"/>
  <testcase name="simpleBoolExpression" classname="cpsc326.ASTParserTests" time="0.0"/>
  <testcase name="singleIfStatementWithOneElseIf" classname="cpsc326.ASTParserTests" time="0.001"/>
  <testcase name="mixedVariablePathExpression" classname="cpsc326.ASTParserTests" time="0.001"/>
  <testcase name="simpleVariableExpressionWithoutArrayAccess" classname="cpsc326.ASTParserTests" time="0.0"/>
  <testcase name="idArrayVariableDefinitionWithTypeAnnotation" classname="cpsc326.ASTParserTests" time="0.001"/>
  <testcase name="arrayOfBaseTypeVariableDeclaration" classname="cpsc326.ASTParserTests" time="0.001"/>
  <testcase name="variableDefinitionWithoutTypeAnnotation" classname="cpsc326.ASTParserTests" time="0.0"/>
  <testcase name="structWithOneIdField" classname="cpsc326.ASTParserTests" time="0.001"/>
  <testcase name="simpleVariableExpressionWithArrayAccess" classname="cpsc326.ASTParserTests" time="0.001"/>
  <testcase name="newArrayExpressionWithBaseType" classname="cpsc326.ASTParserTests" time="0.0"/>
  <testcase name="oneArgCallExpression" classname="cpsc326.ASTParserTests" time="0.001"/>
  <testcase name="singleIfStatementWithTwoElseIfs" classname="cpsc326.ASTParserTests" time="0.0"/>
  <testcase name="structWithOneBaseTypeField" classname="cpsc326.ASTParserTests" time="0.0"/>
  <testcase name="twoBinaryOperatorsNoParens" classname="cpsc326.ASTParserTests" time="0.001"/>
  <testcase name="baseTypeVariableDefinitionWithTypeAnnotation" classname="cpsc326.ASTParserTests" time="0.0"/>
  <testcase name="multiplePathAssignment" classname="cpsc326.ASTParserTests" time="0.0"/>
  <testcase name="emptyFunctionOneIdArrayParam" classname="cpsc326.ASTParserTests" time="0.0"/>
  <testcase name="simpleArrayPathAssignment" classname="cpsc326.ASTParserTests" time="0.001"/>
  <testcase name="emptyFunctionTwoParams" classname="cpsc326.ASTParserTests" time="0.001"/>
  <testcase name="simpleLiteralValues" classname="cpsc326.ASTParserTests" time="0.0"/>
  <testcase name="simpleParenExpression" classname="cpsc326.ASTParserTests" time="0.0"/>
  <testcase name="complexArithmeticExpression" classname="cpsc326.ASTParserTests" time="0.0"/>
  <testcase name="singleIfStatementWithBody" classname="cpsc326.ASTParserTests" time="0.0"/>
  <testcase name="emptyStruct" classname="cpsc326.ASTParserTests" time="0.001"/>
  <testcase name="structWithThreeFields" classname="cpsc326.ASTParserTests" time="0.0"/>
  <testcase name="doubleNotExpression" classname="cpsc326.ASTParserTests" time="0.0"/>
  <testcase name="singleIfStatementWithEmptyElse" classname="cpsc326.ASTParserTests" time="0.001"/>
  <testcase name="newStructExpressionWithTwoArgs" classname="cpsc326.ASTParserTests" time="0.001"/>
  <testcase name="simpleAssignment" classname="cpsc326.ASTParserTests" time="0.0"/>
  <testcase name="emptyCallExpression" classname="cpsc326.ASTParserTests" time="0.001"/>
  <testcase name="newStructExpressionWithOneArg" classname="cpsc326.ASTParserTests" time="0.0"/>
  <testcase name="recursiveStructureAccess" classname="cpsc326.ASTParserTests" time="0.0"/>
  <testcase name="parenExpressionBeforeExpression" classname="cpsc326.ASTParserTests" time="0.0"/>
  <testcase name="twoArgCallExpression" classname="cpsc326.ASTParserTests" time="0.001"/>
  <testcase name="idVariableDefinitionWithTypeAnnotation" classname="cpsc326.ASTParserTests" time="0.0"/>
  <testcase name="baseTypeVariableDeclarations" classname="cpsc326.ASTParserTests" time="0.0"/>
</testsuite>